2022-02-07 00:00:01 - Начинаем генерацию чпу и метаданных
2022-02-07 00:00:01 - Подключаем движок опенкарт
2022-02-07 00:00:01 - Инициализируем сео-компонент
2022-02-07 00:00:01 - Запускаем задачу по расписанию
2022-02-07 00:00:02 - Генерация окончена
2022-02-08 00:00:02 - Начинаем генерацию чпу и метаданных
2022-02-08 00:00:02 - Подключаем движок опенкарт
2022-02-08 00:00:02 - Инициализируем сео-компонент
2022-02-08 00:00:02 - Запускаем задачу по расписанию
2022-02-08 00:00:03 - Генерация окончена
2022-02-09 00:00:01 - Начинаем генерацию чпу и метаданных
2022-02-09 00:00:01 - Подключаем движок опенкарт
2022-02-09 00:00:01 - Инициализируем сео-компонент
2022-02-09 00:00:01 - Запускаем задачу по расписанию
2022-02-09 00:00:02 - Генерация окончена
2022-02-10 00:00:01 - Начинаем генерацию чпу и метаданных
2022-02-10 00:00:01 - Подключаем движок опенкарт
2022-02-10 00:00:01 - Инициализируем сео-компонент
2022-02-10 00:00:01 - Запускаем задачу по расписанию
2022-02-10 00:00:02 - Генерация окончена
2022-02-11 00:00:02 - Начинаем генерацию чпу и метаданных
2022-02-11 00:00:02 - Подключаем движок опенкарт
2022-02-11 00:00:02 - Инициализируем сео-компонент
2022-02-11 00:00:02 - Запускаем задачу по расписанию
2022-02-11 00:00:03 - Генерация окончена
2022-02-12 00:00:01 - Начинаем генерацию чпу и метаданных
2022-02-12 00:00:01 - Подключаем движок опенкарт
2022-02-12 00:00:01 - Инициализируем сео-компонент
2022-02-12 00:00:01 - Запускаем задачу по расписанию
2022-02-12 00:00:02 - Генерация окончена
2022-02-13 00:00:02 - Начинаем генерацию чпу и метаданных
2022-02-13 00:00:02 - Подключаем движок опенкарт
2022-02-13 00:00:02 - Инициализируем сео-компонент
2022-02-13 00:00:02 - Запускаем задачу по расписанию
2022-02-13 00:00:03 - Генерация окончена
2022-02-14 00:00:01 - Начинаем генерацию чпу и метаданных
2022-02-14 00:00:01 - Подключаем движок опенкарт
2022-02-14 00:00:01 - Инициализируем сео-компонент
2022-02-14 00:00:02 - Запускаем задачу по расписанию
2022-02-14 00:00:03 - Генерация окончена
2022-02-16 03:00:01 - Начинаем генерацию чпу и метаданных
2022-02-16 03:00:01 - Подключаем движок опенкарт
2022-02-16 03:00:01 - Инициализируем сео-компонент
2022-02-16 03:00:01 - Запускаем задачу по расписанию
2022-02-16 03:00:02 - Генерация окончена
2022-02-23 03:00:02 - Начинаем генерацию чпу и метаданных
2022-02-23 03:00:02 - Подключаем движок опенкарт
2022-02-23 03:00:02 - Инициализируем сео-компонент
2022-02-23 03:00:02 - Запускаем задачу по расписанию
2022-02-23 03:00:03 - Генерация окончена
2022-03-02 03:00:01 - Начинаем генерацию чпу и метаданных
2022-03-02 03:00:01 - Подключаем движок опенкарт
2022-03-02 03:00:02 - Инициализируем сео-компонент
2022-03-02 03:00:02 - Запускаем задачу по расписанию
2022-03-02 03:00:03 - Генерация окончена
2022-03-09 03:00:01 - Начинаем генерацию чпу и метаданных
2022-03-09 03:00:01 - Подключаем движок опенкарт
2022-03-09 03:00:01 - Инициализируем сео-компонент
2022-03-09 03:00:01 - Запускаем задачу по расписанию
2022-03-09 03:00:02 - Генерация окончена
2022-03-16 03:00:01 - Начинаем генерацию чпу и метаданных
2022-03-16 03:00:01 - Подключаем движок опенкарт
2022-03-16 03:00:01 - Инициализируем сео-компонент
2022-03-16 03:00:01 - Запускаем задачу по расписанию
2022-03-16 03:00:02 - Генерация окончена
2022-03-23 03:00:02 - Начинаем генерацию чпу и метаданных
2022-03-23 03:00:02 - Подключаем движок опенкарт
2022-03-23 03:00:02 - Инициализируем сео-компонент
2022-03-23 03:00:02 - Запускаем задачу по расписанию
2022-03-23 03:00:03 - Генерация окончена
2022-03-30 03:00:02 - Начинаем генерацию чпу и метаданных
2022-03-30 03:00:02 - Подключаем движок опенкарт
2022-03-30 03:00:02 - Инициализируем сео-компонент
2022-03-30 03:00:02 - Запускаем задачу по расписанию
2022-03-30 03:00:03 - Генерация окончена
2022-04-06 03:00:02 - Начинаем генерацию чпу и метаданных
2022-04-06 03:00:02 - Подключаем движок опенкарт
2022-04-06 03:00:02 - Инициализируем сео-компонент
2022-04-06 03:00:02 - Запускаем задачу по расписанию
2022-04-06 03:00:03 - Генерация окончена
2022-04-13 03:00:02 - Начинаем генерацию чпу и метаданных
2022-04-13 03:00:02 - Подключаем движок опенкарт
2022-04-13 03:00:02 - Инициализируем сео-компонент
2022-04-13 03:00:02 - Запускаем задачу по расписанию
2022-04-13 03:00:03 - Генерация окончена
2022-04-20 03:00:02 - Начинаем генерацию чпу и метаданных
2022-04-20 03:00:02 - Подключаем движок опенкарт
2022-04-20 03:00:02 - Инициализируем сео-компонент
2022-04-20 03:00:02 - Запускаем задачу по расписанию
2022-04-20 03:00:03 - Генерация окончена
2022-04-27 03:00:02 - Начинаем генерацию чпу и метаданных
2022-04-27 03:00:02 - Подключаем движок опенкарт
2022-04-27 03:00:02 - Инициализируем сео-компонент
2022-04-27 03:00:02 - Запускаем задачу по расписанию
2022-04-27 03:00:03 - Генерация окончена
2022-05-04 03:00:01 - Начинаем генерацию чпу и метаданных
2022-05-04 03:00:01 - Подключаем движок опенкарт
2022-05-04 03:00:01 - Инициализируем сео-компонент
2022-05-04 03:00:01 - Запускаем задачу по расписанию
2022-05-04 03:00:02 - Генерация окончена
2022-05-11 03:00:02 - Начинаем генерацию чпу и метаданных
2022-05-11 03:00:02 - Подключаем движок опенкарт
2022-05-11 03:00:02 - Инициализируем сео-компонент
2022-05-11 03:00:02 - Запускаем задачу по расписанию
2022-05-11 03:00:03 - Генерация окончена
2022-05-18 03:00:02 - Начинаем генерацию чпу и метаданных
2022-05-18 03:00:02 - Подключаем движок опенкарт
2022-05-18 03:00:02 - Инициализируем сео-компонент
2022-05-18 03:00:02 - Запускаем задачу по расписанию
2022-05-18 03:00:03 - Генерация окончена
2022-05-25 03:00:01 - Начинаем генерацию чпу и метаданных
2022-05-25 03:00:01 - Подключаем движок опенкарт
2022-05-25 03:00:01 - Инициализируем сео-компонент
2022-05-25 03:00:01 - Запускаем задачу по расписанию
2022-05-25 03:00:03 - Генерация окончена
2022-06-01 03:00:01 - Начинаем генерацию чпу и метаданных
2022-06-01 03:00:01 - Подключаем движок опенкарт
2022-06-01 03:00:01 - Инициализируем сео-компонент
2022-06-01 03:00:01 - Запускаем задачу по расписанию
2022-06-01 03:00:02 - Генерация окончена
2022-06-08 03:00:01 - Начинаем генерацию чпу и метаданных
2022-06-08 03:00:01 - Подключаем движок опенкарт
2022-06-08 03:00:01 - Инициализируем сео-компонент
2022-06-08 03:00:01 - Запускаем задачу по расписанию
2022-06-08 03:00:02 - Генерация окончена
2022-06-15 03:00:01 - Начинаем генерацию чпу и метаданных
2022-06-15 03:00:01 - Подключаем движок опенкарт
2022-06-15 03:00:01 - Инициализируем сео-компонент
2022-06-15 03:00:01 - Запускаем задачу по расписанию
2022-06-15 03:00:02 - Генерация окончена
2022-06-22 03:00:02 - Начинаем генерацию чпу и метаданных
2022-06-22 03:00:02 - Подключаем движок опенкарт
2022-06-22 03:00:02 - Инициализируем сео-компонент
2022-06-22 03:00:02 - Запускаем задачу по расписанию
2022-06-22 03:00:03 - Генерация окончена
2022-06-29 03:00:01 - Начинаем генерацию чпу и метаданных
2022-06-29 03:00:02 - Подключаем движок опенкарт
2022-06-29 03:00:02 - Инициализируем сео-компонент
2022-06-29 03:00:02 - Запускаем задачу по расписанию
2022-06-29 03:00:03 - Генерация окончена
2022-07-06 03:00:02 - Начинаем генерацию чпу и метаданных
2022-07-06 03:00:02 - Подключаем движок опенкарт
2022-07-06 03:00:02 - Инициализируем сео-компонент
2022-07-06 03:00:02 - Запускаем задачу по расписанию
2022-07-06 03:00:03 - Генерация окончена
2022-07-13 03:00:01 - Начинаем генерацию чпу и метаданных
2022-07-13 03:00:01 - Подключаем движок опенкарт
2022-07-13 03:00:01 - Инициализируем сео-компонент
2022-07-13 03:00:01 - Запускаем задачу по расписанию
2022-07-13 03:00:02 - Генерация окончена
2022-07-20 03:00:02 - Начинаем генерацию чпу и метаданных
2022-07-20 03:00:02 - Подключаем движок опенкарт
2022-07-20 03:00:02 - Инициализируем сео-компонент
2022-07-20 03:00:02 - Запускаем задачу по расписанию
2022-07-20 03:00:03 - Генерация окончена
2022-07-27 03:00:01 - Начинаем генерацию чпу и метаданных
2022-07-27 03:00:01 - Подключаем движок опенкарт
2022-07-27 03:00:01 - Инициализируем сео-компонент
2022-07-27 03:00:01 - Запускаем задачу по расписанию
2022-07-27 03:00:03 - Генерация окончена
2022-08-03 03:00:02 - Начинаем генерацию чпу и метаданных
2022-08-03 03:00:02 - Подключаем движок опенкарт
2022-08-03 03:00:02 - Инициализируем сео-компонент
2022-08-03 03:00:02 - Запускаем задачу по расписанию
2022-08-03 03:00:03 - Генерация окончена
2022-08-10 03:00:01 - Начинаем генерацию чпу и метаданных
2022-08-10 03:00:01 - Подключаем движок опенкарт
2022-08-10 03:00:02 - Инициализируем сео-компонент
2022-08-10 03:00:02 - Запускаем задачу по расписанию
2022-08-10 03:00:03 - Генерация окончена
2022-08-17 03:00:02 - Начинаем генерацию чпу и метаданных
2022-08-17 03:00:02 - Подключаем движок опенкарт
2022-08-17 03:00:02 - Инициализируем сео-компонент
2022-08-17 03:00:02 - Запускаем задачу по расписанию
2022-08-17 03:00:03 - Генерация окончена
2022-08-24 03:00:02 - Начинаем генерацию чпу и метаданных
2022-08-24 03:00:02 - Подключаем движок опенкарт
2022-08-24 03:00:02 - Инициализируем сео-компонент
2022-08-24 03:00:02 - Запускаем задачу по расписанию
2022-08-24 03:00:03 - Генерация окончена
2022-08-31 03:00:02 - Начинаем генерацию чпу и метаданных
2022-08-31 03:00:02 - Подключаем движок опенкарт
2022-08-31 03:00:02 - Инициализируем сео-компонент
2022-08-31 03:00:02 - Запускаем задачу по расписанию
2022-08-31 03:00:03 - Генерация окончена
2022-09-07 03:00:01 - Начинаем генерацию чпу и метаданных
2022-09-07 03:00:01 - Подключаем движок опенкарт
2022-09-07 03:00:01 - Инициализируем сео-компонент
2022-09-07 03:00:01 - Запускаем задачу по расписанию
2022-09-07 03:00:02 - Генерация окончена
