2022-02-07 19:43:09 - Номер заказа: 91 Ошибка создания получателя. Данные: Array
(
    [modelName] => Counterparty
    [calledMethod] => save
    [methodProperties] => Array
        (
            [FirstName] => Tatyana
            [MiddleName] => 
            [LastName] => Storozhenko
            [Phone] => 380979300731
            [Email] => tatyanastorozhenko1987@gmail.com
            [CounterpartyType] => PrivatePerson
            [CounterpartyProperty] => Recipient
        )

)
Ошибка: FirstName has invalid characters
2022-02-07 19:53:28 - Номер заказа: 92 Автоматическое создание накладной при смене статуса заказа Begin.
2022-02-07 19:53:28 - Номер заказа: 92 Автоматическое создание накладной при смене статуса заказа end.
2022-02-09 18:33:37 - Город 'Kharkiv' не найден в базе 
2022-02-09 18:33:38 - Город 'Kharkiv' не найден в базе 
2022-02-09 18:33:52 - Город 'Kharkiv' не найден в базе 
2022-02-09 18:33:56 - Город 'Kharki' не найден в базе 
2022-02-10 13:40:10 - Не указан город в методе доставки.
2022-02-10 14:00:50 - Не указан город в методе доставки.
2022-02-10 14:00:54 - Город 'ce' не найден в базе 
2022-02-10 14:00:56 - Город 'V' не найден в базе 
2022-02-10 14:00:57 - Город 'C' не найден в базе 
2022-02-10 14:00:58 - Город 'C' не найден в базе 
2022-02-10 14:00:59 - Не указан город в методе доставки.
2022-02-16 10:45:19 - Не указан город в методе доставки.
2022-02-16 10:45:19 - Номер заказа: 96 Автоматическое создание накладной при смене статуса заказа Begin.
2022-02-16 10:45:19 - Номер заказа: 96 Ошибка создания получателя. Данные: Array
(
    [modelName] => Counterparty
    [calledMethod] => save
    [methodProperties] => Array
        (
            [FirstName] => Валентин
            [MiddleName] => 
            [LastName] => 
            [Phone] => 380671811785
            [Email] => 
            [CounterpartyType] => PrivatePerson
            [CounterpartyProperty] => Recipient
        )

)
Ошибка: LastName is not specified
2022-02-16 10:51:24 - Не указан город в методе доставки.
2022-02-17 18:17:54 - Не указан город в методе доставки.
2022-02-17 18:23:05 - Номер заказа: 97 Автоматическое создание накладной при смене статуса заказа Begin.
2022-02-17 18:23:05 - Номер заказа: 97 Ошибка создания накладной в автоматическом режиме. Ошибка: ContactRecipient To Doors must be full
2022-04-04 14:59:27 - Не указан город в методе доставки.
2022-04-04 15:19:53 - Не указан город в методе доставки.
2022-04-04 15:20:22 - Не указан город в методе доставки.
2022-04-04 15:20:25 - Не указан город в методе доставки.
2022-04-26 23:31:18 - Не указан город в методе доставки.
2022-05-17 10:16:11 - Не указан город в методе доставки.
2022-05-17 10:20:07 - Не указан город в методе доставки.
2022-05-17 10:32:29 - Не указан город в методе доставки.
2022-05-17 10:39:21 - Номер заказа: 98 Автоматическое создание накладной при смене статуса заказа Begin.
2022-05-17 10:39:22 - Номер заказа: 98 Автоматическое создание накладной при смене статуса заказа end.
2022-05-23 18:18:25 - Не указан город в методе доставки.
2022-05-23 18:20:31 - Номер заказа: 99 Автоматическое создание накладной при смене статуса заказа Begin.
2022-05-23 18:20:32 - Номер заказа: 99 Автоматическое создание накладной при смене статуса заказа end.
2022-05-29 17:16:56 - Не указан город в методе доставки.
2022-05-29 17:17:01 - Город 'Мом' не найден в базе 
2022-05-29 17:18:00 - Город 'Мостиска Нова пошта' не найден в базе 
2022-05-29 17:18:02 - Город 'Мостиска Нова пошта відд' не найден в базе 
2022-05-29 17:18:02 - Город 'Мостиска Нова пошта відд.' не найден в базе 
2022-05-29 17:18:03 - Город 'Мостиска Нова пошта відд.2' не найден в базе 
2022-05-29 17:27:38 - Город 'Мостиса ' не найден в базе 
2022-05-29 17:27:40 - Город 'Мостисьа ' не найден в базе 
2022-05-29 17:27:41 - Город 'Мостиськаа' не найден в базе 
2022-06-02 11:01:07 - Не указан город в методе доставки.
2022-06-14 13:39:09 - Не указан город в методе доставки.
2022-06-14 13:41:19 - Номер заказа: 100 Автоматическое создание накладной при смене статуса заказа Begin.
2022-06-14 13:41:20 - Номер заказа: 100 Автоматическое создание накладной при смене статуса заказа end.
2022-07-05 23:39:33 - Номер заказа: 101 Автоматическое создание накладной при смене статуса заказа Begin.
2022-07-05 23:39:33 - Номер заказа: 101 Ошибка создания накладной в автоматическом режиме. Ошибка: CityRecipient not selected
2022-07-15 15:40:55 - Не указан город в методе доставки.
2022-07-15 15:41:00 - Город 'Kyiv' не найден в базе 
2022-07-15 15:41:00 - Город 'Kyiv' не найден в базе 
2022-07-15 15:41:01 - Город 'Kyiv' не найден в базе 
2022-07-15 15:41:21 - Не указан город в методе доставки.
2022-07-15 15:43:59 - Номер заказа: 102 Автоматическое создание накладной при смене статуса заказа Begin.
2022-07-15 15:43:59 - Номер заказа: 102 Ошибка создания получателя. Данные: Array
(
    [modelName] => Counterparty
    [calledMethod] => save
    [methodProperties] => Array
        (
            [FirstName] => Богдан
            [MiddleName] => 
            [LastName] => 
            [Phone] => 380632010914
            [Email] => 
            [CounterpartyType] => PrivatePerson
            [CounterpartyProperty] => Recipient
        )

)
Ошибка: LastName is not specified
2022-07-18 10:19:39 - Не указан город в методе доставки.
2022-07-18 10:20:58 - Номер заказа: 103 Автоматическое создание накладной при смене статуса заказа Begin.
2022-07-18 10:20:59 - Номер заказа: 103 Автоматическое создание накладной при смене статуса заказа end.
2022-07-25 11:39:36 - Не указан город в методе доставки.
2022-07-25 11:39:40 - Город 'Rb' не найден в базе 
2022-07-25 11:39:41 - Не указан город в методе доставки.
2022-07-25 11:40:46 - Номер заказа: 104 Автоматическое создание накладной при смене статуса заказа Begin.
2022-07-25 11:40:47 - Номер заказа: 104 Автоматическое создание накладной при смене статуса заказа end.
2022-07-29 02:01:23 - Номер заказа: 105 Автоматическое создание накладной при смене статуса заказа Begin.
2022-07-29 02:01:24 - Номер заказа: 105 Ошибка создания получателя. Данные: Array
(
    [modelName] => Counterparty
    [calledMethod] => save
    [methodProperties] => Array
        (
            [FirstName] => Быстрый заказ
            [MiddleName] => 
            [LastName] => 
            [Phone] => 380989333303
            [Email] => 
            [CounterpartyType] => PrivatePerson
            [CounterpartyProperty] => Recipient
        )

)
Ошибка: LastName is not specified
2022-08-04 17:05:02 - Не указан город в методе доставки.
2022-08-04 17:05:06 - Город 'вававав' не найден в базе 
2022-08-04 18:37:51 - Не указан город в методе доставки.
2022-08-04 18:37:52 - Номер заказа: 106 Автоматическое создание накладной при смене статуса заказа Begin.
2022-08-04 18:37:52 - Номер заказа: 106 Ошибка создания получателя. Данные: Array
(
    [modelName] => Counterparty
    [calledMethod] => save
    [methodProperties] => Array
        (
            [FirstName] => Роман
            [MiddleName] => 
            [LastName] => 
            [Phone] => 380678127168
            [Email] => 
            [CounterpartyType] => PrivatePerson
            [CounterpartyProperty] => Recipient
        )

)
Ошибка: LastName is not specified
2022-08-06 23:19:23 - Не указан город в методе доставки.
2022-08-06 23:19:58 - Номер заказа: 107 Автоматическое создание накладной при смене статуса заказа Begin.
2022-08-06 23:19:59 - Номер заказа: 107 Автоматическое создание накладной при смене статуса заказа end.
2022-08-17 00:49:12 - Номер заказа: 108 Автоматическое создание накладной при смене статуса заказа Begin.
2022-08-17 00:49:12 - Номер заказа: 108 Ошибка создания получателя. Данные: Array
(
    [modelName] => Counterparty
    [calledMethod] => save
    [methodProperties] => Array
        (
            [FirstName] => Быстрый заказ
            [MiddleName] => 
            [LastName] => 
            [Phone] => 380508289230
            [Email] => 
            [CounterpartyType] => PrivatePerson
            [CounterpartyProperty] => Recipient
        )

)
Ошибка: LastName is not specified
2022-08-17 00:49:13 - Номер заказа: 109 Автоматическое создание накладной при смене статуса заказа Begin.
2022-08-17 00:49:13 - Номер заказа: 109 Ошибка создания получателя. Данные: Array
(
    [modelName] => Counterparty
    [calledMethod] => save
    [methodProperties] => Array
        (
            [FirstName] => Быстрый заказ
            [MiddleName] => 
            [LastName] => 
            [Phone] => 380508289230
            [Email] => 
            [CounterpartyType] => PrivatePerson
            [CounterpartyProperty] => Recipient
        )

)
Ошибка: LastName is not specified
2022-08-17 10:21:20 - Номер заказа: 110 Автоматическое создание накладной при смене статуса заказа Begin.
2022-08-17 10:21:20 - Номер заказа: 110 Ошибка создания получателя. Данные: Array
(
    [modelName] => Counterparty
    [calledMethod] => save
    [methodProperties] => Array
        (
            [FirstName] => Ярослав
            [MiddleName] => 
            [LastName] => 
            [Phone] => 380505628490
            [Email] => 
            [CounterpartyType] => PrivatePerson
            [CounterpartyProperty] => Recipient
        )

)
Ошибка: LastName is not specified
2022-08-20 08:03:39 - Город 'Киев, Киевская область' не найден в базе 
2022-08-20 08:03:40 - Город 'Киев, Киевская область' не найден в базе 
2022-08-20 08:04:16 - Город 'Киев, Киевская область' не найден в базе 
2022-08-20 08:05:47 - Город 'Киев, Киевская область' не найден в базе 
2022-08-20 08:06:08 - Город 'Киев, Киевская область' не найден в базе 
2022-08-20 08:06:09 - Город 'Киев, Киевская область' не найден в базе 
2022-08-20 08:07:52 - Номер заказа: 111 Автоматическое создание накладной при смене статуса заказа Begin.
2022-08-20 08:07:53 - Номер заказа: 111 Ошибка создания накладной в автоматическом режиме. Ошибка: CityRecipient not selected
2022-08-21 23:43:28 - Номер заказа: 112 Автоматическое создание накладной при смене статуса заказа Begin.
2022-08-21 23:43:29 - Номер заказа: 112 Ошибка создания накладной в автоматическом режиме. Ошибка: ContactRecipient To Doors must be full
2022-09-05 18:21:41 - Номер заказа: 113 Автоматическое создание накладной при смене статуса заказа Begin.
2022-09-05 18:21:42 - Номер заказа: 113 Автоматическое создание накладной при смене статуса заказа end.
2022-09-06 06:38:51 - Номер заказа: 114 Автоматическое создание накладной при смене статуса заказа Begin.
2022-09-06 06:38:51 - Номер заказа: 114 Ошибка создания накладной в автоматическом режиме. Ошибка: CityRecipient not selected
