2022-02-16 10:50:02 - Сообщение для разработчика: Модуль Комбинации опций не установлен. Использование комбинаций опций не возможно.
2022-02-16 10:50:02 - Сообщение для разработчика. Таблица `oc_relatedoptions_variant_product` не была найдена. Использование связных опций не возможно.
2022-02-16 10:50:02 - Статусы в магазине Array
(
    [предзаказ] => 8
    [нет в наличии] => 5
    [ожидание 2-3 дня] => 6
    [в наличии] => 9
)

2022-02-17 18:32:43 - Сообщение для разработчика: Модуль Комбинации опций не установлен. Использование комбинаций опций не возможно.
2022-02-17 18:32:43 - Сообщение для разработчика. Таблица `oc_relatedoptions_variant_product` не была найдена. Использование связных опций не возможно.
2022-02-17 18:32:43 - Статусы в магазине Array
(
    [предзаказ] => 8
    [нет в наличии] => 5
    [ожидание 2-3 дня] => 6
    [в наличии] => 9
)

2022-02-17 18:39:34 - Сообщение для разработчика: Модуль Комбинации опций не установлен. Использование комбинаций опций не возможно.
2022-02-17 18:39:34 - Сообщение для разработчика. Таблица `oc_relatedoptions_variant_product` не была найдена. Использование связных опций не возможно.
2022-02-17 18:39:34 - Статусы в магазине Array
(
    [предзаказ] => 8
    [нет в наличии] => 5
    [ожидание 2-3 дня] => 6
    [в наличии] => 9
)

2022-02-17 19:01:53 - Сообщение для разработчика: Модуль Комбинации опций не установлен. Использование комбинаций опций не возможно.
2022-02-17 19:01:53 - Сообщение для разработчика. Таблица `oc_relatedoptions_variant_product` не была найдена. Использование связных опций не возможно.
2022-02-17 19:01:53 - Статусы в магазине Array
(
    [предзаказ] => 8
    [нет в наличии] => 5
    [ожидание 2-3 дня] => 6
    [в наличии] => 9
)

2022-02-18 11:52:22 - Сообщение для разработчика: Модуль Комбинации опций не установлен. Использование комбинаций опций не возможно.
2022-02-18 11:52:22 - Сообщение для разработчика. Таблица `oc_relatedoptions_variant_product` не была найдена. Использование связных опций не возможно.
2022-02-18 11:52:22 - Статусы в магазине Array
(
    [предзаказ] => 8
    [нет в наличии] => 5
    [ожидание 2-3 дня] => 6
    [в наличии] => 9
)

2022-02-18 11:54:01 - Сообщение для разработчика: Модуль Комбинации опций не установлен. Использование комбинаций опций не возможно.
2022-02-18 11:54:01 - Сообщение для разработчика. Таблица `oc_relatedoptions_variant_product` не была найдена. Использование связных опций не возможно.
2022-02-18 11:54:01 - Статусы в магазине Array
(
    [предзаказ] => 8
    [нет в наличии] => 5
    [ожидание 2-3 дня] => 6
    [в наличии] => 9
)

2022-02-18 11:59:11 - Сообщение для разработчика: Модуль Комбинации опций не установлен. Использование комбинаций опций не возможно.
2022-02-18 11:59:11 - Сообщение для разработчика. Таблица `oc_relatedoptions_variant_product` не была найдена. Использование связных опций не возможно.
2022-02-18 11:59:11 - Статусы в магазине Array
(
    [предзаказ] => 8
    [нет в наличии] => 5
    [ожидание 2-3 дня] => 6
    [в наличии] => 9
)

2022-02-18 12:13:45 - Сообщение для разработчика: Модуль Комбинации опций не установлен. Использование комбинаций опций не возможно.
2022-02-18 12:13:45 - Сообщение для разработчика. Таблица `oc_relatedoptions_variant_product` не была найдена. Использование связных опций не возможно.
2022-02-18 12:13:45 - Статусы в магазине Array
(
    [предзаказ] => 8
    [нет в наличии] => 5
    [ожидание 2-3 дня] => 6
    [в наличии] => 9
)

2022-02-21 11:35:04 - Сообщение для разработчика: Модуль Комбинации опций не установлен. Использование комбинаций опций не возможно.
2022-02-21 11:35:04 - Сообщение для разработчика. Таблица `oc_relatedoptions_variant_product` не была найдена. Использование связных опций не возможно.
2022-02-21 11:35:04 - Статусы в магазине Array
(
    [предзаказ] => 8
    [нет в наличии] => 5
    [ожидание 2-3 дня] => 6
    [в наличии] => 9
)

2022-06-14 13:58:17 - Сообщение для разработчика: Модуль Комбинации опций не установлен. Использование комбинаций опций не возможно.
2022-06-14 13:58:17 - Сообщение для разработчика. Таблица `oc_relatedoptions_variant_product` не была найдена. Использование связных опций не возможно.
2022-06-14 13:58:17 - Статусы в магазине Array
(
    [предзаказ] => 8
    [нет в наличии] => 5
    [ожидание 2-3 дня] => 6
    [в наличии] => 9
)

2022-06-21 16:09:14 - Сообщение для разработчика: Модуль Комбинации опций не установлен. Использование комбинаций опций не возможно.
2022-06-21 16:09:14 - Сообщение для разработчика. Таблица `oc_relatedoptions_variant_product` не была найдена. Использование связных опций не возможно.
2022-06-21 16:09:14 - Статусы в магазине Array
(
    [предзаказ] => 8
    [нет в наличии] => 5
    [ожидание 2-3 дня] => 6
    [в наличии] => 9
)

2022-06-28 16:39:51 - Сообщение для разработчика: Модуль Комбинации опций не установлен. Использование комбинаций опций не возможно.
2022-06-28 16:39:51 - Сообщение для разработчика. Таблица `oc_relatedoptions_variant_product` не была найдена. Использование связных опций не возможно.
2022-06-28 16:39:51 - Статусы в магазине Array
(
    [предзаказ] => 8
    [нет в наличии] => 5
    [ожидание 2-3 дня] => 6
    [в наличии] => 9
)

2022-07-06 09:36:00 - Сообщение для разработчика: Модуль Комбинации опций не установлен. Использование комбинаций опций не возможно.
2022-07-06 09:36:00 - Сообщение для разработчика. Таблица `oc_relatedoptions_variant_product` не была найдена. Использование связных опций не возможно.
2022-07-06 09:36:00 - Статусы в магазине Array
(
    [предзаказ] => 8
    [нет в наличии] => 5
    [ожидание 2-3 дня] => 6
    [в наличии] => 9
)

2022-07-06 10:18:35 - Сообщение для разработчика: Модуль Комбинации опций не установлен. Использование комбинаций опций не возможно.
2022-07-06 10:18:35 - Сообщение для разработчика. Таблица `oc_relatedoptions_variant_product` не была найдена. Использование связных опций не возможно.
2022-07-06 10:18:35 - Статусы в магазине Array
(
    [предзаказ] => 8
    [нет в наличии] => 5
    [ожидание 2-3 дня] => 6
    [в наличии] => 9
)

2022-07-06 10:28:33 - Сообщение для разработчика: Модуль Комбинации опций не установлен. Использование комбинаций опций не возможно.
2022-07-06 10:28:33 - Сообщение для разработчика. Таблица `oc_relatedoptions_variant_product` не была найдена. Использование связных опций не возможно.
2022-07-06 10:28:33 - Статусы в магазине Array
(
    [предзаказ] => 8
    [нет в наличии] => 5
    [ожидание 2-3 дня] => 6
    [в наличии] => 9
)

2022-07-06 10:28:56 - Сообщение для разработчика: Модуль Комбинации опций не установлен. Использование комбинаций опций не возможно.
2022-07-06 10:28:56 - Сообщение для разработчика. Таблица `oc_relatedoptions_variant_product` не была найдена. Использование связных опций не возможно.
2022-07-06 10:28:56 - Статусы в магазине Array
(
    [предзаказ] => 8
    [нет в наличии] => 5
    [ожидание 2-3 дня] => 6
    [в наличии] => 9
)

2022-07-06 10:29:55 - Сообщение для разработчика: Модуль Комбинации опций не установлен. Использование комбинаций опций не возможно.
2022-07-06 10:29:55 - Сообщение для разработчика. Таблица `oc_relatedoptions_variant_product` не была найдена. Использование связных опций не возможно.
2022-07-06 10:29:55 - Статусы в магазине Array
(
    [предзаказ] => 8
    [нет в наличии] => 5
    [ожидание 2-3 дня] => 6
    [в наличии] => 9
)

2022-07-06 10:31:03 - Сообщение для разработчика: Модуль Комбинации опций не установлен. Использование комбинаций опций не возможно.
2022-07-06 10:31:03 - Сообщение для разработчика. Таблица `oc_relatedoptions_variant_product` не была найдена. Использование связных опций не возможно.
2022-07-06 10:31:03 - Статусы в магазине Array
(
    [предзаказ] => 8
    [нет в наличии] => 5
    [ожидание 2-3 дня] => 6
    [в наличии] => 9
)

2022-07-06 10:31:10 - Сообщение для разработчика: Модуль Комбинации опций не установлен. Использование комбинаций опций не возможно.
2022-07-06 10:31:10 - Сообщение для разработчика. Таблица `oc_relatedoptions_variant_product` не была найдена. Использование связных опций не возможно.
2022-07-06 10:31:10 - Статусы в магазине Array
(
    [предзаказ] => 8
    [нет в наличии] => 5
    [ожидание 2-3 дня] => 6
    [в наличии] => 9
)

2022-07-06 10:32:14 - Сообщение для разработчика: Модуль Комбинации опций не установлен. Использование комбинаций опций не возможно.
2022-07-06 10:32:14 - Сообщение для разработчика. Таблица `oc_relatedoptions_variant_product` не была найдена. Использование связных опций не возможно.
2022-07-06 10:32:14 - Статусы в магазине Array
(
    [предзаказ] => 8
    [нет в наличии] => 5
    [ожидание 2-3 дня] => 6
    [в наличии] => 9
)

2022-07-06 10:32:32 - Сообщение для разработчика: Модуль Комбинации опций не установлен. Использование комбинаций опций не возможно.
2022-07-06 10:32:32 - Сообщение для разработчика. Таблица `oc_relatedoptions_variant_product` не была найдена. Использование связных опций не возможно.
2022-07-06 10:32:32 - Статусы в магазине Array
(
    [предзаказ] => 8
    [нет в наличии] => 5
    [ожидание 2-3 дня] => 6
    [в наличии] => 9
)

2022-07-06 10:32:37 - Сообщение для разработчика: Модуль Комбинации опций не установлен. Использование комбинаций опций не возможно.
2022-07-06 10:32:37 - Сообщение для разработчика. Таблица `oc_relatedoptions_variant_product` не была найдена. Использование связных опций не возможно.
2022-07-06 10:32:37 - Статусы в магазине Array
(
    [предзаказ] => 8
    [нет в наличии] => 5
    [ожидание 2-3 дня] => 6
    [в наличии] => 9
)

2022-07-14 13:57:46 - Сообщение для разработчика: Модуль Комбинации опций не установлен. Использование комбинаций опций не возможно.
2022-07-14 13:57:46 - Сообщение для разработчика. Таблица `oc_relatedoptions_variant_product` не была найдена. Использование связных опций не возможно.
2022-07-14 13:57:46 - Статусы в магазине Array
(
    [немає в наявності] => 5
    [в очікуванні 2-3 дні] => 6
    [попереднє замовлення] => 8
    [в наявності] => 9
)

2022-07-15 16:01:36 - Сообщение для разработчика: Модуль Комбинации опций не установлен. Использование комбинаций опций не возможно.
2022-07-15 16:01:36 - Сообщение для разработчика. Таблица `oc_relatedoptions_variant_product` не была найдена. Использование связных опций не возможно.
2022-07-15 16:01:36 - Статусы в магазине Array
(
    [немає в наявності] => 5
    [в очікуванні 2-3 дні] => 6
    [попереднє замовлення] => 8
    [в наявності] => 9
)

2022-07-16 13:21:13 - Сообщение для разработчика: Модуль Комбинации опций не установлен. Использование комбинаций опций не возможно.
2022-07-16 13:21:13 - Сообщение для разработчика. Таблица `oc_relatedoptions_variant_product` не была найдена. Использование связных опций не возможно.
2022-07-16 13:21:13 - Статусы в магазине Array
(
    [немає в наявності] => 5
    [в очікуванні 2-3 дні] => 6
    [попереднє замовлення] => 8
    [в наявності] => 9
)

2022-07-18 10:24:38 - Сообщение для разработчика: Модуль Комбинации опций не установлен. Использование комбинаций опций не возможно.
2022-07-18 10:24:41 - Сообщение для разработчика. Таблица `oc_relatedoptions_variant_product` не была найдена. Использование связных опций не возможно.
2022-07-18 10:24:41 - Статусы в магазине Array
(
    [немає в наявності] => 5
    [в очікуванні 2-3 дні] => 6
    [попереднє замовлення] => 8
    [в наявності] => 9
)

2022-07-18 10:50:43 - Сообщение для разработчика: Модуль Комбинации опций не установлен. Использование комбинаций опций не возможно.
2022-07-18 10:50:43 - Сообщение для разработчика. Таблица `oc_relatedoptions_variant_product` не была найдена. Использование связных опций не возможно.
2022-07-18 10:50:43 - Статусы в магазине Array
(
    [немає в наявності] => 5
    [в очікуванні 2-3 дні] => 6
    [попереднє замовлення] => 8
    [в наявності] => 9
)

2022-07-18 15:45:10 - Сообщение для разработчика: Модуль Комбинации опций не установлен. Использование комбинаций опций не возможно.
2022-07-18 15:45:10 - Сообщение для разработчика. Таблица `oc_relatedoptions_variant_product` не была найдена. Использование связных опций не возможно.
2022-07-18 15:45:10 - Статусы в магазине Array
(
    [немає в наявності] => 5
    [в очікуванні 2-3 дні] => 6
    [попереднє замовлення] => 8
    [в наявності] => 9
)

2022-07-18 15:45:20 - Сообщение для разработчика: Модуль Комбинации опций не установлен. Использование комбинаций опций не возможно.
2022-07-18 15:45:20 - Сообщение для разработчика. Таблица `oc_relatedoptions_variant_product` не была найдена. Использование связных опций не возможно.
2022-07-18 15:45:20 - Статусы в магазине Array
(
    [немає в наявності] => 5
    [в очікуванні 2-3 дні] => 6
    [попереднє замовлення] => 8
    [в наявності] => 9
)

2022-07-18 15:46:50 - Сообщение для разработчика: Модуль Комбинации опций не установлен. Использование комбинаций опций не возможно.
2022-07-18 15:46:50 - Сообщение для разработчика. Таблица `oc_relatedoptions_variant_product` не была найдена. Использование связных опций не возможно.
2022-07-18 15:46:50 - Статусы в магазине Array
(
    [немає в наявності] => 5
    [в очікуванні 2-3 дні] => 6
    [попереднє замовлення] => 8
    [в наявності] => 9
)

2022-07-18 15:48:42 - Сообщение для разработчика: Модуль Комбинации опций не установлен. Использование комбинаций опций не возможно.
2022-07-18 15:48:42 - Сообщение для разработчика. Таблица `oc_relatedoptions_variant_product` не была найдена. Использование связных опций не возможно.
2022-07-18 15:48:42 - Статусы в магазине Array
(
    [немає в наявності] => 5
    [в очікуванні 2-3 дні] => 6
    [попереднє замовлення] => 8
    [в наявності] => 9
)

2022-07-18 15:49:37 - Сообщение для разработчика: Модуль Комбинации опций не установлен. Использование комбинаций опций не возможно.
2022-07-18 15:49:37 - Сообщение для разработчика. Таблица `oc_relatedoptions_variant_product` не была найдена. Использование связных опций не возможно.
2022-07-18 15:49:37 - Статусы в магазине Array
(
    [немає в наявності] => 5
    [в очікуванні 2-3 дні] => 6
    [попереднє замовлення] => 8
    [в наявності] => 9
)

2022-07-29 08:06:20 - Сообщение для разработчика: Модуль Комбинации опций не установлен. Использование комбинаций опций не возможно.
2022-07-29 08:06:20 - Сообщение для разработчика. Таблица `oc_relatedoptions_variant_product` не была найдена. Использование связных опций не возможно.
2022-07-29 08:06:20 - Статусы в магазине Array
(
    [немає в наявності] => 5
    [в очікуванні 2-3 дні] => 6
    [попереднє замовлення] => 8
    [в наявності] => 9
)

2022-07-29 08:24:43 - Сообщение для разработчика: Модуль Комбинации опций не установлен. Использование комбинаций опций не возможно.
2022-07-29 08:24:43 - Сообщение для разработчика. Таблица `oc_relatedoptions_variant_product` не была найдена. Использование связных опций не возможно.
2022-07-29 08:24:43 - Статусы в магазине Array
(
    [немає в наявності] => 5
    [в очікуванні 2-3 дні] => 6
    [попереднє замовлення] => 8
    [в наявності] => 9
)

2022-08-01 09:19:16 - Сообщение для разработчика: Модуль Комбинации опций не установлен. Использование комбинаций опций не возможно.
2022-08-01 09:19:16 - Сообщение для разработчика. Таблица `oc_relatedoptions_variant_product` не была найдена. Использование связных опций не возможно.
2022-08-01 09:19:16 - Статусы в магазине Array
(
    [немає в наявності] => 5
    [в очікуванні 2-3 дні] => 6
    [попереднє замовлення] => 8
    [в наявності] => 9
)

2022-08-01 09:20:04 - Сообщение для разработчика: Модуль Комбинации опций не установлен. Использование комбинаций опций не возможно.
2022-08-01 09:20:04 - Сообщение для разработчика. Таблица `oc_relatedoptions_variant_product` не была найдена. Использование связных опций не возможно.
2022-08-01 09:20:04 - Статусы в магазине Array
(
    [немає в наявності] => 5
    [в очікуванні 2-3 дні] => 6
    [попереднє замовлення] => 8
    [в наявності] => 9
)

2022-08-01 10:05:09 - Сообщение для разработчика: Модуль Комбинации опций не установлен. Использование комбинаций опций не возможно.
2022-08-01 10:05:09 - Сообщение для разработчика. Таблица `oc_relatedoptions_variant_product` не была найдена. Использование связных опций не возможно.
2022-08-01 10:05:09 - Статусы в магазине Array
(
    [немає в наявності] => 5
    [в очікуванні 2-3 дні] => 6
    [попереднє замовлення] => 8
    [в наявності] => 9
)

2022-08-04 18:45:12 - Сообщение для разработчика: Модуль Комбинации опций не установлен. Использование комбинаций опций не возможно.
2022-08-04 18:45:12 - Сообщение для разработчика. Таблица `oc_relatedoptions_variant_product` не была найдена. Использование связных опций не возможно.
2022-08-04 18:45:12 - Статусы в магазине Array
(
    [немає в наявності] => 5
    [в очікуванні 2-3 дні] => 6
    [попереднє замовлення] => 8
    [в наявності] => 9
)

2022-08-04 18:45:30 - Сообщение для разработчика: Модуль Комбинации опций не установлен. Использование комбинаций опций не возможно.
2022-08-04 18:45:30 - Сообщение для разработчика. Таблица `oc_relatedoptions_variant_product` не была найдена. Использование связных опций не возможно.
2022-08-04 18:45:30 - Статусы в магазине Array
(
    [немає в наявності] => 5
    [в очікуванні 2-3 дні] => 6
    [попереднє замовлення] => 8
    [в наявності] => 9
)

2022-08-06 23:21:43 - Сообщение для разработчика: Модуль Комбинации опций не установлен. Использование комбинаций опций не возможно.
2022-08-06 23:21:43 - Сообщение для разработчика. Таблица `oc_relatedoptions_variant_product` не была найдена. Использование связных опций не возможно.
2022-08-06 23:21:43 - Статусы в магазине Array
(
    [немає в наявності] => 5
    [в очікуванні 2-3 дні] => 6
    [попереднє замовлення] => 8
    [в наявності] => 9
)

2022-08-07 10:26:05 - Сообщение для разработчика: Модуль Комбинации опций не установлен. Использование комбинаций опций не возможно.
2022-08-07 10:26:05 - Сообщение для разработчика. Таблица `oc_relatedoptions_variant_product` не была найдена. Использование связных опций не возможно.
2022-08-07 10:26:05 - Статусы в магазине Array
(
    [немає в наявності] => 5
    [в очікуванні 2-3 дні] => 6
    [попереднє замовлення] => 8
    [в наявності] => 9
)

2022-08-17 00:50:00 - Сообщение для разработчика: Модуль Комбинации опций не установлен. Использование комбинаций опций не возможно.
2022-08-17 00:50:00 - Сообщение для разработчика. Таблица `oc_relatedoptions_variant_product` не была найдена. Использование связных опций не возможно.
2022-08-17 00:50:00 - Статусы в магазине Array
(
    [немає в наявності] => 5
    [в очікуванні 2-3 дні] => 6
    [попереднє замовлення] => 8
    [в наявності] => 9
)

2022-08-17 00:50:34 - Сообщение для разработчика: Модуль Комбинации опций не установлен. Использование комбинаций опций не возможно.
2022-08-17 00:50:34 - Сообщение для разработчика. Таблица `oc_relatedoptions_variant_product` не была найдена. Использование связных опций не возможно.
2022-08-17 00:50:34 - Статусы в магазине Array
(
    [немає в наявності] => 5
    [в очікуванні 2-3 дні] => 6
    [попереднє замовлення] => 8
    [в наявності] => 9
)

2022-08-17 10:20:26 - Сообщение для разработчика: Модуль Комбинации опций не установлен. Использование комбинаций опций не возможно.
2022-08-17 10:20:26 - Сообщение для разработчика. Таблица `oc_relatedoptions_variant_product` не была найдена. Использование связных опций не возможно.
2022-08-17 10:20:26 - Статусы в магазине Array
(
    [немає в наявності] => 5
    [в очікуванні 2-3 дні] => 6
    [попереднє замовлення] => 8
    [в наявності] => 9
)

2022-08-17 10:21:57 - Сообщение для разработчика: Модуль Комбинации опций не установлен. Использование комбинаций опций не возможно.
2022-08-17 10:21:57 - Сообщение для разработчика. Таблица `oc_relatedoptions_variant_product` не была найдена. Использование связных опций не возможно.
2022-08-17 10:21:57 - Статусы в магазине Array
(
    [немає в наявності] => 5
    [в очікуванні 2-3 дні] => 6
    [попереднє замовлення] => 8
    [в наявності] => 9
)

2022-08-17 10:22:43 - Сообщение для разработчика: Модуль Комбинации опций не установлен. Использование комбинаций опций не возможно.
2022-08-17 10:22:43 - Сообщение для разработчика. Таблица `oc_relatedoptions_variant_product` не была найдена. Использование связных опций не возможно.
2022-08-17 10:22:43 - Статусы в магазине Array
(
    [немає в наявності] => 5
    [в очікуванні 2-3 дні] => 6
    [попереднє замовлення] => 8
    [в наявності] => 9
)

2022-08-17 10:29:16 - Сообщение для разработчика: Модуль Комбинации опций не установлен. Использование комбинаций опций не возможно.
2022-08-17 10:29:16 - Сообщение для разработчика. Таблица `oc_relatedoptions_variant_product` не была найдена. Использование связных опций не возможно.
2022-08-17 10:29:16 - Статусы в магазине Array
(
    [немає в наявності] => 5
    [в очікуванні 2-3 дні] => 6
    [попереднє замовлення] => 8
    [в наявності] => 9
)

2022-08-17 10:32:31 - Сообщение для разработчика: Модуль Комбинации опций не установлен. Использование комбинаций опций не возможно.
2022-08-17 10:32:31 - Сообщение для разработчика. Таблица `oc_relatedoptions_variant_product` не была найдена. Использование связных опций не возможно.
2022-08-17 10:32:31 - Статусы в магазине Array
(
    [немає в наявності] => 5
    [в очікуванні 2-3 дні] => 6
    [попереднє замовлення] => 8
    [в наявності] => 9
)

2022-08-17 16:38:41 - Сообщение для разработчика: Модуль Комбинации опций не установлен. Использование комбинаций опций не возможно.
2022-08-17 16:38:41 - Сообщение для разработчика. Таблица `oc_relatedoptions_variant_product` не была найдена. Использование связных опций не возможно.
2022-08-17 16:38:41 - Статусы в магазине Array
(
    [немає в наявності] => 5
    [в очікуванні 2-3 дні] => 6
    [попереднє замовлення] => 8
    [в наявності] => 9
)

2022-08-20 08:08:47 - Сообщение для разработчика: Модуль Комбинации опций не установлен. Использование комбинаций опций не возможно.
2022-08-20 08:08:47 - Сообщение для разработчика. Таблица `oc_relatedoptions_variant_product` не была найдена. Использование связных опций не возможно.
2022-08-20 08:08:47 - Статусы в магазине Array
(
    [немає в наявності] => 5
    [в очікуванні 2-3 дні] => 6
    [попереднє замовлення] => 8
    [в наявності] => 9
)

2022-08-20 08:17:45 - Сообщение для разработчика: Модуль Комбинации опций не установлен. Использование комбинаций опций не возможно.
2022-08-20 08:17:45 - Сообщение для разработчика. Таблица `oc_relatedoptions_variant_product` не была найдена. Использование связных опций не возможно.
2022-08-20 08:17:45 - Статусы в магазине Array
(
    [немає в наявності] => 5
    [в очікуванні 2-3 дні] => 6
    [попереднє замовлення] => 8
    [в наявності] => 9
)

2022-08-20 08:17:58 - Сообщение для разработчика: Модуль Комбинации опций не установлен. Использование комбинаций опций не возможно.
2022-08-20 08:17:58 - Сообщение для разработчика. Таблица `oc_relatedoptions_variant_product` не была найдена. Использование связных опций не возможно.
2022-08-20 08:17:58 - Статусы в магазине Array
(
    [немає в наявності] => 5
    [в очікуванні 2-3 дні] => 6
    [попереднє замовлення] => 8
    [в наявності] => 9
)

2022-08-20 08:19:06 - Сообщение для разработчика: Модуль Комбинации опций не установлен. Использование комбинаций опций не возможно.
2022-08-20 08:19:06 - Сообщение для разработчика. Таблица `oc_relatedoptions_variant_product` не была найдена. Использование связных опций не возможно.
2022-08-20 08:19:06 - Статусы в магазине Array
(
    [немає в наявності] => 5
    [в очікуванні 2-3 дні] => 6
    [попереднє замовлення] => 8
    [в наявності] => 9
)

2022-08-20 09:11:45 - Сообщение для разработчика: Модуль Комбинации опций не установлен. Использование комбинаций опций не возможно.
2022-08-20 09:11:45 - Сообщение для разработчика. Таблица `oc_relatedoptions_variant_product` не была найдена. Использование связных опций не возможно.
2022-08-20 09:11:45 - Статусы в магазине Array
(
    [немає в наявності] => 5
    [в очікуванні 2-3 дні] => 6
    [попереднє замовлення] => 8
    [в наявності] => 9
)

2022-08-20 09:13:08 - Сообщение для разработчика: Модуль Комбинации опций не установлен. Использование комбинаций опций не возможно.
2022-08-20 09:13:08 - Сообщение для разработчика. Таблица `oc_relatedoptions_variant_product` не была найдена. Использование связных опций не возможно.
2022-08-20 09:13:08 - Статусы в магазине Array
(
    [немає в наявності] => 5
    [в очікуванні 2-3 дні] => 6
    [попереднє замовлення] => 8
    [в наявності] => 9
)

2022-08-20 09:21:29 - Сообщение для разработчика: Модуль Комбинации опций не установлен. Использование комбинаций опций не возможно.
2022-08-20 09:21:29 - Сообщение для разработчика. Таблица `oc_relatedoptions_variant_product` не была найдена. Использование связных опций не возможно.
2022-08-20 09:21:29 - Статусы в магазине Array
(
    [немає в наявності] => 5
    [в очікуванні 2-3 дні] => 6
    [попереднє замовлення] => 8
    [в наявності] => 9
)

2022-08-20 09:21:43 - Сообщение для разработчика: Модуль Комбинации опций не установлен. Использование комбинаций опций не возможно.
2022-08-20 09:21:43 - Сообщение для разработчика. Таблица `oc_relatedoptions_variant_product` не была найдена. Использование связных опций не возможно.
2022-08-20 09:21:43 - Статусы в магазине Array
(
    [немає в наявності] => 5
    [в очікуванні 2-3 дні] => 6
    [попереднє замовлення] => 8
    [в наявності] => 9
)

2022-08-20 09:25:59 - Сообщение для разработчика: Модуль Комбинации опций не установлен. Использование комбинаций опций не возможно.
2022-08-20 09:25:59 - Сообщение для разработчика. Таблица `oc_relatedoptions_variant_product` не была найдена. Использование связных опций не возможно.
2022-08-20 09:25:59 - Статусы в магазине Array
(
    [немає в наявності] => 5
    [в очікуванні 2-3 дні] => 6
    [попереднє замовлення] => 8
    [в наявності] => 9
)

2022-08-20 09:26:05 - Сообщение для разработчика: Модуль Комбинации опций не установлен. Использование комбинаций опций не возможно.
2022-08-20 09:26:05 - Сообщение для разработчика. Таблица `oc_relatedoptions_variant_product` не была найдена. Использование связных опций не возможно.
2022-08-20 09:26:05 - Статусы в магазине Array
(
    [немає в наявності] => 5
    [в очікуванні 2-3 дні] => 6
    [попереднє замовлення] => 8
    [в наявності] => 9
)

2022-08-20 09:26:38 - Сообщение для разработчика: Модуль Комбинации опций не установлен. Использование комбинаций опций не возможно.
2022-08-20 09:26:38 - Сообщение для разработчика. Таблица `oc_relatedoptions_variant_product` не была найдена. Использование связных опций не возможно.
2022-08-20 09:26:38 - Статусы в магазине Array
(
    [немає в наявності] => 5
    [в очікуванні 2-3 дні] => 6
    [попереднє замовлення] => 8
    [в наявності] => 9
)

2022-08-20 09:26:59 - Сообщение для разработчика: Модуль Комбинации опций не установлен. Использование комбинаций опций не возможно.
2022-08-20 09:26:59 - Сообщение для разработчика. Таблица `oc_relatedoptions_variant_product` не была найдена. Использование связных опций не возможно.
2022-08-20 09:26:59 - Статусы в магазине Array
(
    [немає в наявності] => 5
    [в очікуванні 2-3 дні] => 6
    [попереднє замовлення] => 8
    [в наявності] => 9
)

2022-08-21 23:46:19 - Сообщение для разработчика: Модуль Комбинации опций не установлен. Использование комбинаций опций не возможно.
2022-08-21 23:46:19 - Сообщение для разработчика. Таблица `oc_relatedoptions_variant_product` не была найдена. Использование связных опций не возможно.
2022-08-21 23:46:19 - Статусы в магазине Array
(
    [немає в наявності] => 5
    [в очікуванні 2-3 дні] => 6
    [попереднє замовлення] => 8
    [в наявності] => 9
)

2022-08-22 08:50:05 - Сообщение для разработчика: Модуль Комбинации опций не установлен. Использование комбинаций опций не возможно.
2022-08-22 08:50:05 - Сообщение для разработчика. Таблица `oc_relatedoptions_variant_product` не была найдена. Использование связных опций не возможно.
2022-08-22 08:50:05 - Статусы в магазине Array
(
    [немає в наявності] => 5
    [в очікуванні 2-3 дні] => 6
    [попереднє замовлення] => 8
    [в наявності] => 9
)

2022-08-22 08:53:42 - Сообщение для разработчика: Модуль Комбинации опций не установлен. Использование комбинаций опций не возможно.
2022-08-22 08:53:42 - Сообщение для разработчика. Таблица `oc_relatedoptions_variant_product` не была найдена. Использование связных опций не возможно.
2022-08-22 08:53:42 - Статусы в магазине Array
(
    [немає в наявності] => 5
    [в очікуванні 2-3 дні] => 6
    [попереднє замовлення] => 8
    [в наявності] => 9
)

2022-08-23 10:31:57 - Сообщение для разработчика: Модуль Комбинации опций не установлен. Использование комбинаций опций не возможно.
2022-08-23 10:31:57 - Сообщение для разработчика. Таблица `oc_relatedoptions_variant_product` не была найдена. Использование связных опций не возможно.
2022-08-23 10:31:57 - Статусы в магазине Array
(
    [немає в наявності] => 5
    [в очікуванні 2-3 дні] => 6
    [попереднє замовлення] => 8
    [в наявності] => 9
)

2022-08-23 12:43:39 - Сообщение для разработчика: Модуль Комбинации опций не установлен. Использование комбинаций опций не возможно.
2022-08-23 12:43:39 - Сообщение для разработчика. Таблица `oc_relatedoptions_variant_product` не была найдена. Использование связных опций не возможно.
2022-08-23 12:43:39 - Статусы в магазине Array
(
    [немає в наявності] => 5
    [в очікуванні 2-3 дні] => 6
    [попереднє замовлення] => 8
    [в наявності] => 9
)

2022-08-25 15:17:38 - Сообщение для разработчика: Модуль Комбинации опций не установлен. Использование комбинаций опций не возможно.
2022-08-25 15:17:38 - Сообщение для разработчика. Таблица `oc_relatedoptions_variant_product` не была найдена. Использование связных опций не возможно.
2022-08-25 15:17:38 - Статусы в магазине Array
(
    [немає в наявності] => 5
    [в очікуванні 2-3 дні] => 6
    [попереднє замовлення] => 8
    [в наявності] => 9
)

2022-09-05 18:22:56 - Сообщение для разработчика: Модуль Комбинации опций не установлен. Использование комбинаций опций не возможно.
2022-09-05 18:22:56 - Сообщение для разработчика. Таблица `oc_relatedoptions_variant_product` не была найдена. Использование связных опций не возможно.
2022-09-05 18:22:56 - Статусы в магазине Array
(
    [немає в наявності] => 5
    [в очікуванні 2-3 дні] => 6
    [попереднє замовлення] => 8
    [в наявності] => 9
)

2022-09-05 18:50:14 - Сообщение для разработчика: Модуль Комбинации опций не установлен. Использование комбинаций опций не возможно.
2022-09-05 18:50:14 - Сообщение для разработчика. Таблица `oc_relatedoptions_variant_product` не была найдена. Использование связных опций не возможно.
2022-09-05 18:50:14 - Статусы в магазине Array
(
    [немає в наявності] => 5
    [в очікуванні 2-3 дні] => 6
    [попереднє замовлення] => 8
    [в наявності] => 9
)

2022-09-06 08:57:30 - Сообщение для разработчика: Модуль Комбинации опций не установлен. Использование комбинаций опций не возможно.
2022-09-06 08:57:30 - Сообщение для разработчика. Таблица `oc_relatedoptions_variant_product` не была найдена. Использование связных опций не возможно.
2022-09-06 08:57:30 - Статусы в магазине Array
(
    [немає в наявності] => 5
    [в очікуванні 2-3 дні] => 6
    [попереднє замовлення] => 8
    [в наявності] => 9
)

2022-09-06 08:58:12 - Сообщение для разработчика: Модуль Комбинации опций не установлен. Использование комбинаций опций не возможно.
2022-09-06 08:58:12 - Сообщение для разработчика. Таблица `oc_relatedoptions_variant_product` не была найдена. Использование связных опций не возможно.
2022-09-06 08:58:12 - Статусы в магазине Array
(
    [немає в наявності] => 5
    [в очікуванні 2-3 дні] => 6
    [попереднє замовлення] => 8
    [в наявності] => 9
)

